Compiled jquery.js  (43ms)  (pid 15759)
Compiled jquery_ujs.js  (0ms)  (pid 15759)
Compiled demo/demo.js  (0ms)  (pid 15759)
Compiled demo/jscolor/jscolor.js  (0ms)  (pid 15759)
Compiled habitaciones.js  (643ms)  (pid 15759)
Compiled home.js  (209ms)  (pid 15759)
Compiled jquery.min.js  (2ms)  (pid 15759)
Compiled js/functions.js  (0ms)  (pid 15759)
Compiled js/jquery.colorbox-min.js  (0ms)  (pid 15759)
Compiled js/jquery.detectbrowser.js  (0ms)  (pid 15759)
Compiled js/jquery.easing.1.3.js  (0ms)  (pid 15759)
Compiled js/jquery.infieldlabel.min.js  (0ms)  (pid 15759)
Compiled js/jquery.jparallax.min.js  (0ms)  (pid 15759)
Compiled js/jquery.livequery.min.js  (0ms)  (pid 15759)
Compiled js/jquery.plusslider.js  (0ms)  (pid 15759)
Compiled js/jquery.superfish.js  (0ms)  (pid 15759)
Compiled js/jquery.supersubs.js  (0ms)  (pid 15759)
Compiled js/jquery.twitter.js  (0ms)  (pid 15759)
Compiled jscolor.js  (0ms)  (pid 15759)
Compiled jscolor/jscolor.js  (0ms)  (pid 15759)
Compiled application.js  (1161ms)  (pid 15759)
Compiled colorbox.css  (0ms)  (pid 15759)
Compiled css/colorbox.css  (0ms)  (pid 15759)
Compiled css/nivo-slider.css  (0ms)  (pid 15759)
Compiled css/reset.css  (0ms)  (pid 15759)
Compiled demo/demo.css  (0ms)  (pid 15759)
Compiled habitaciones.css  (83ms)  (pid 15759)
Compiled home.css  (7ms)  (pid 15759)
Compiled noscript.css  (0ms)  (pid 15759)
Compiled plusslider.css  (0ms)  (pid 15759)
Compiled superfish.css  (0ms)  (pid 15759)
Compiled text/style.css  (0ms)  (pid 15759)
Compiled application.css  (192ms)  (pid 15759)
Compiled jquery.js  (5ms)  (pid 15759)
Compiled jquery_ujs.js  (0ms)  (pid 15759)
Compiled demo/demo.js  (0ms)  (pid 15759)
Compiled demo/jscolor/jscolor.js  (0ms)  (pid 15759)
Compiled habitaciones.js  (294ms)  (pid 15759)
Compiled home.js  (203ms)  (pid 15759)
Compiled jquery.min.js  (45ms)  (pid 15759)
Compiled js/functions.js  (0ms)  (pid 15759)
Compiled js/jquery.colorbox-min.js  (0ms)  (pid 15759)
Compiled js/jquery.detectbrowser.js  (0ms)  (pid 15759)
Compiled js/jquery.easing.1.3.js  (0ms)  (pid 15759)
Compiled js/jquery.infieldlabel.min.js  (0ms)  (pid 15759)
Compiled js/jquery.jparallax.min.js  (0ms)  (pid 15759)
Compiled js/jquery.livequery.min.js  (0ms)  (pid 15759)
Compiled js/jquery.plusslider.js  (0ms)  (pid 15759)
Compiled js/jquery.superfish.js  (0ms)  (pid 15759)
Compiled js/jquery.supersubs.js  (0ms)  (pid 15759)
Compiled js/jquery.twitter.js  (0ms)  (pid 15759)
Compiled jscolor.js  (0ms)  (pid 15759)
Compiled jscolor/jscolor.js  (0ms)  (pid 15759)
Compiled application.js  (776ms)  (pid 15759)
Compiled colorbox.css  (0ms)  (pid 15759)
Compiled css/colorbox.css  (0ms)  (pid 15759)
Compiled css/nivo-slider.css  (0ms)  (pid 15759)
Compiled css/reset.css  (0ms)  (pid 15759)
Compiled demo/demo.css  (0ms)  (pid 15759)
Compiled habitaciones.css  (54ms)  (pid 15759)
Compiled home.css  (2ms)  (pid 15759)
Compiled noscript.css  (0ms)  (pid 15759)
Compiled plusslider.css  (0ms)  (pid 15759)
Compiled superfish.css  (0ms)  (pid 15759)
Compiled text/style.css  (0ms)  (pid 15759)
Compiled application.css  (136ms)  (pid 15759)
